2015-10-03 16:14:41 [127.0.0.1][-][e3k294o53vmegplntqoojoob84][error][yii\base\InvalidConfigException] exception 'yii\base\InvalidConfigException' with message 'The table does not exist: {{%schoolmate}}' in D:\Program Files\PHPStudy\WWW\vcards\vendor\yiisoft\yii2\db\ActiveRecord.php:298
Stack trace:
#0 D:\Program Files\PHPStudy\WWW\vcards\vendor\yiisoft\yii2\db\ActiveRecord.php(327): yii\db\ActiveRecord::getTableSchema()
#1 D:\Program Files\PHPStudy\WWW\vcards\vendor\yiisoft\yii2\db\BaseActiveRecord.php(422): yii\db\ActiveRecord->attributes()
#2 D:\Program Files\PHPStudy\WWW\vcards\vendor\yiisoft\yii2\db\BaseActiveRecord.php(241): yii\db\BaseActiveRecord->hasAttribute('id')
#3 D:\Program Files\PHPStudy\WWW\vcards\vendor\yiisoft\yii2\validators\Validator.php(237): yii\db\BaseActiveRecord->__get('id')
#4 D:\Program Files\PHPStudy\WWW\vcards\vendor\yiisoft\yii2\base\Model.php(352): yii\validators\Validator->validateAttributes(Object(frontend\models\SchoolmateSearch), Array)
#5 D:\Program Files\PHPStudy\WWW\vcards\frontend\models\SchoolmateSearch.php(52): yii\base\Model->validate()
#6 D:\Program Files\PHPStudy\WWW\vcards\frontend\controllers\SchoolmateController.php(51): frontend\models\SchoolmateSearch->search(Array)
#7 [internal function]: frontend\controllers\SchoolmateController->actionIndex()
#8 D:\Program Files\PHPStudy\WWW\vcards\vendor\yiisoft\yii2\base\InlineAction.php(55): call_user_func_array(Array, Array)
#9 D:\Program Files\PHPStudy\WWW\vcards\vendor\yiisoft\yii2\base\Controller.php(151): yii\base\InlineAction->runWithParams(Array)
#10 D:\Program Files\PHPStudy\WWW\vcards\vendor\yiisoft\yii2\base\Module.php(455): yii\base\Controller->runAction('', Array)
#11 D:\Program Files\PHPStudy\WWW\vcards\vendor\yiisoft\yii2\web\Application.php(84): yii\base\Module->runAction('schoolmate', Array)
#12 D:\Program Files\PHPStudy\WWW\vcards\vendor\yiisoft\yii2\base\Application.php(375): yii\web\Application->handleRequest(Object(yii\web\Request))
#13 D:\Program Files\PHPStudy\WWW\vcards\frontend\web\index.php(23): yii\base\Application->run()
#14 {main}
2015-10-03 16:14:40 [127.0.0.1][-][e3k294o53vmegplntqoojoob84][info][application] $_GET = [
    'r' => 'schoolmate'
]

$_COOKIE = [
    'edf6___session' => 'eyJ1aWQiOiIxIiwibGFzdHZpc2l0IjoiMTQ0MzMzNTYxNiIsImxhc3RpcCI6IjEyNy4wLjAuMSIsImhhc2giOiI4MTViMTVlMzliZDVjNzc2YTAwZmUwMTJlZmYyZWNhYiJ9'
    '_csrf' => 'fc0c334a1c2ed20b061c52e90eddde75692ea9eadf4ad66d47968b886ec9f755a:2:{i:0;s:5:\"_csrf\";i:1;s:32:\"BH4tCPP1_rKVsJv0r-xUHekKJ4kjlnXf\";}'
    'PHPSESSID' => 'e3k294o53vmegplntqoojoob84'
    '_identity' => 'bae4b167cb35f424a25ea24150a886cc8cee95dadc0d36748f19fd29da3d7704a:2:{i:0;s:9:\"_identity\";i:1;s:46:\"[1,\"GX9E-9nB99URIf127tcCneY-xUPfjOFI\",2592000]\";}'
]

$_SESSION = [
    '__flash' => []
    '__captcha/site/captcha' => 'davika'
    '__captcha/site/captchacount' => 1
    '__id' => 1
]

$_SERVER = [
    'ALLUSERSPROFILE' => 'C:\\ProgramData'
    'APPDATA' => 'C:\\Users\\admin\\AppData\\Roaming'
    'CommonProgramFiles' => 'C:\\Program Files (x86)\\Common Files'
    'CommonProgramFiles(x86)' => 'C:\\Program Files (x86)\\Common Files'
    'CommonProgramW6432' => 'C:\\Program Files\\Common Files'
    'COMPUTERNAME' => 'WHQ78164'
    'ComSpec' => 'C:\\Windows\\system32\\cmd.exe'
    'FP_NO_HOST_CHECK' => 'NO'
    'HOMEDRIVE' => 'C:'
    'HOMEPATH' => '\\Users\\admin'
    'LOCALAPPDATA' => 'C:\\Users\\admin\\AppData\\Local'
    'LOGONSERVER' => '\\\\WHQ78164'
    'NUMBER_OF_PROCESSORS' => '2'
    'OS' => 'Windows_NT'
    'Path' => 'C:\\Windows\\system32;C:\\Windows;C:\\Windows\\System32\\Wbem;C:\\Windows\\System32\\WindowsPowerShell\\v1.0\\;C:\\Program Files (x86)\\ATI Technologies\\ATI.ACE\\Core-Static;D:\\Program Files\\PHPStudy\\php55n;C:\\ProgramData\\ComposerSetup\\bin;D:\\Program Files\\Composer'
    'PATHEXT' => '.COM;.EXE;.BAT;.CMD;.VBS;.VBE;.JS;.JSE;.WSF;.WSH;.MSC'
    'PROCESSOR_ARCHITECTURE' => 'x86'
    'PROCESSOR_ARCHITEW6432' => 'AMD64'
    'PROCESSOR_IDENTIFIER' => 'AMD64 Family 21 Model 16 Stepping 1, AuthenticAMD'
    'PROCESSOR_LEVEL' => '21'
    'PROCESSOR_REVISION' => '1001'
    'ProgramData' => 'C:\\ProgramData'
    'ProgramFiles' => 'C:\\Program Files (x86)'
    'ProgramFiles(x86)' => 'C:\\Program Files (x86)'
    'ProgramW6432' => 'C:\\Program Files'
    'PSModulePath' => 'C:\\Windows\\system32\\WindowsPowerShell\\v1.0\\Modules\\'
    'PUBLIC' => 'C:\\Users\\Public'
    'SESSIONNAME' => 'Console'
    'SystemDrive' => 'C:'
    'SystemRoot' => 'C:\\Windows'
    'TEMP' => 'C:\\Users\\admin\\AppData\\Local\\Temp'
    'TMP' => 'C:\\Users\\admin\\AppData\\Local\\Temp'
    'USERDOMAIN' => 'WHQ78164'
    'USERDOMAIN_ROAMINGPROFILE' => 'WHQ78164'
    'USERNAME' => 'admin'
    'USERPROFILE' => 'C:\\Users\\admin'
    'VBOX_MSI_INSTALL_PATH' => 'D:\\Program Files\\Oracle\\VirtualBox\\'
    'windir' => 'C:\\Windows'
    'HTTP_COOKIE' => 'edf6___session=eyJ1aWQiOiIxIiwibGFzdHZpc2l0IjoiMTQ0MzMzNTYxNiIsImxhc3RpcCI6IjEyNy4wLjAuMSIsImhhc2giOiI4MTViMTVlMzliZDVjNzc2YTAwZmUwMTJlZmYyZWNhYiJ9; _csrf=fc0c334a1c2ed20b061c52e90eddde75692ea9eadf4ad66d47968b886ec9f755a%3A2%3A%7Bi%3A0%3Bs%3A5%3A%22_csrf%22%3Bi%3A1%3Bs%3A32%3A%22BH4tCPP1_rKVsJv0r-xUHekKJ4kjlnXf%22%3B%7D; PHPSESSID=e3k294o53vmegplntqoojoob84; _identity=bae4b167cb35f424a25ea24150a886cc8cee95dadc0d36748f19fd29da3d7704a%3A2%3A%7Bi%3A0%3Bs%3A9%3A%22_identity%22%3Bi%3A1%3Bs%3A46%3A%22%5B1%2C%22GX9E-9nB99URIf127tcCneY-xUPfjOFI%22%2C2592000%5D%22%3B%7D'
    'HTTP_ACCEPT_LANGUAGE' => 'zh-CN,zh;q=0.8'
    'HTTP_ACCEPT_ENCODING' => 'gzip,deflate,sdch'
    'HTTP_USER_AGENT' => 'Mozilla/5.0 (Windows NT 6.3; WOW64) AppleWebKit/537.36 (KHTML, like Gecko) Chrome/38.0.2125.122 Safari/537.36'
    'HTTP_ACCEPT' => 'text/html,application/xhtml+xml,application/xml;q=0.9,image/webp,*/*;q=0.8'
    'HTTP_CONNECTION' => 'keep-alive'
    'HTTP_HOST' => 'localhost'
    'REDIRECT_STATUS' => '200'
    'SERVER_NAME' => 'localhost'
    'SERVER_PORT' => '80'
    'SERVER_ADDR' => '127.0.0.1'
    'REMOTE_PORT' => '65260'
    'REMOTE_ADDR' => '127.0.0.1'
    'SERVER_SOFTWARE' => 'nginx/1.6.2'
    'GATEWAY_INTERFACE' => 'CGI/1.1'
    'SERVER_PROTOCOL' => 'HTTP/1.1'
    'DOCUMENT_ROOT' => 'D:/Program Files/PHPStudy/WWW'
    'DOCUMENT_URI' => '/vcards/frontend/web/index.php'
    'REQUEST_URI' => '/vcards/frontend/web/index.php?r=schoolmate'
    'SCRIPT_NAME' => '/vcards/frontend/web/index.php'
    'CONTENT_LENGTH' => ''
    'CONTENT_TYPE' => ''
    'REQUEST_METHOD' => 'GET'
    'QUERY_STRING' => 'r=schoolmate'
    'PATH_TRANSLATED' => 'D:/Program Files/PHPStudy/WWW'
    'PATH_INFO' => ''
    'SCRIPT_FILENAME' => 'D:/Program Files/PHPStudy/WWW/vcards/frontend/web/index.php'
    'FCGI_ROLE' => 'RESPONDER'
    'PHP_SELF' => '/vcards/frontend/web/index.php'
    'REQUEST_TIME_FLOAT' => 1443860080.2819
    'REQUEST_TIME' => 1443860080
]
2015-10-03 16:15:14 [127.0.0.1][-][e3k294o53vmegplntqoojoob84][error][yii\base\InvalidConfigException] exception 'yii\base\InvalidConfigException' with message 'The table does not exist: {{%schoolmate}}' in D:\Program Files\PHPStudy\WWW\vcards\vendor\yiisoft\yii2\db\ActiveRecord.php:298
Stack trace:
#0 D:\Program Files\PHPStudy\WWW\vcards\vendor\yiisoft\yii2\db\ActiveRecord.php(327): yii\db\ActiveRecord::getTableSchema()
#1 D:\Program Files\PHPStudy\WWW\vcards\vendor\yiisoft\yii2\db\BaseActiveRecord.php(422): yii\db\ActiveRecord->attributes()
#2 D:\Program Files\PHPStudy\WWW\vcards\vendor\yiisoft\yii2\db\BaseActiveRecord.php(241): yii\db\BaseActiveRecord->hasAttribute('id')
#3 D:\Program Files\PHPStudy\WWW\vcards\vendor\yiisoft\yii2\validators\Validator.php(237): yii\db\BaseActiveRecord->__get('id')
#4 D:\Program Files\PHPStudy\WWW\vcards\vendor\yiisoft\yii2\base\Model.php(352): yii\validators\Validator->validateAttributes(Object(frontend\models\SchoolmateSearch), Array)
#5 D:\Program Files\PHPStudy\WWW\vcards\frontend\models\SchoolmateSearch.php(52): yii\base\Model->validate()
#6 D:\Program Files\PHPStudy\WWW\vcards\frontend\controllers\SchoolmateController.php(51): frontend\models\SchoolmateSearch->search(Array)
#7 [internal function]: frontend\controllers\SchoolmateController->actionIndex()
#8 D:\Program Files\PHPStudy\WWW\vcards\vendor\yiisoft\yii2\base\InlineAction.php(55): call_user_func_array(Array, Array)
#9 D:\Program Files\PHPStudy\WWW\vcards\vendor\yiisoft\yii2\base\Controller.php(151): yii\base\InlineAction->runWithParams(Array)
#10 D:\Program Files\PHPStudy\WWW\vcards\vendor\yiisoft\yii2\base\Module.php(455): yii\base\Controller->runAction('', Array)
#11 D:\Program Files\PHPStudy\WWW\vcards\vendor\yiisoft\yii2\web\Application.php(84): yii\base\Module->runAction('schoolmate', Array)
#12 D:\Program Files\PHPStudy\WWW\vcards\vendor\yiisoft\yii2\base\Application.php(375): yii\web\Application->handleRequest(Object(yii\web\Request))
#13 D:\Program Files\PHPStudy\WWW\vcards\frontend\web\index.php(23): yii\base\Application->run()
#14 {main}
2015-10-03 16:15:13 [127.0.0.1][-][e3k294o53vmegplntqoojoob84][info][application] $_GET = [
    'r' => 'schoolmate'
]

$_COOKIE = [
    'edf6___session' => 'eyJ1aWQiOiIxIiwibGFzdHZpc2l0IjoiMTQ0MzMzNTYxNiIsImxhc3RpcCI6IjEyNy4wLjAuMSIsImhhc2giOiI4MTViMTVlMzliZDVjNzc2YTAwZmUwMTJlZmYyZWNhYiJ9'
    '_csrf' => 'fc0c334a1c2ed20b061c52e90eddde75692ea9eadf4ad66d47968b886ec9f755a:2:{i:0;s:5:\"_csrf\";i:1;s:32:\"BH4tCPP1_rKVsJv0r-xUHekKJ4kjlnXf\";}'
    'PHPSESSID' => 'e3k294o53vmegplntqoojoob84'
    '_identity' => 'bae4b167cb35f424a25ea24150a886cc8cee95dadc0d36748f19fd29da3d7704a:2:{i:0;s:9:\"_identity\";i:1;s:46:\"[1,\"GX9E-9nB99URIf127tcCneY-xUPfjOFI\",2592000]\";}'
]

$_SESSION = [
    '__flash' => []
    '__captcha/site/captcha' => 'davika'
    '__captcha/site/captchacount' => 1
    '__id' => 1
]

$_SERVER = [
    'ALLUSERSPROFILE' => 'C:\\ProgramData'
    'APPDATA' => 'C:\\Users\\admin\\AppData\\Roaming'
    'CommonProgramFiles' => 'C:\\Program Files (x86)\\Common Files'
    'CommonProgramFiles(x86)' => 'C:\\Program Files (x86)\\Common Files'
    'CommonProgramW6432' => 'C:\\Program Files\\Common Files'
    'COMPUTERNAME' => 'WHQ78164'
    'ComSpec' => 'C:\\Windows\\system32\\cmd.exe'
    'FP_NO_HOST_CHECK' => 'NO'
    'HOMEDRIVE' => 'C:'
    'HOMEPATH' => '\\Users\\admin'
    'LOCALAPPDATA' => 'C:\\Users\\admin\\AppData\\Local'
    'LOGONSERVER' => '\\\\WHQ78164'
    'NUMBER_OF_PROCESSORS' => '2'
    'OS' => 'Windows_NT'
    'Path' => 'C:\\Windows\\system32;C:\\Windows;C:\\Windows\\System32\\Wbem;C:\\Windows\\System32\\WindowsPowerShell\\v1.0\\;C:\\Program Files (x86)\\ATI Technologies\\ATI.ACE\\Core-Static;D:\\Program Files\\PHPStudy\\php55n;C:\\ProgramData\\ComposerSetup\\bin;D:\\Program Files\\Composer'
    'PATHEXT' => '.COM;.EXE;.BAT;.CMD;.VBS;.VBE;.JS;.JSE;.WSF;.WSH;.MSC'
    'PROCESSOR_ARCHITECTURE' => 'x86'
    'PROCESSOR_ARCHITEW6432' => 'AMD64'
    'PROCESSOR_IDENTIFIER' => 'AMD64 Family 21 Model 16 Stepping 1, AuthenticAMD'
    'PROCESSOR_LEVEL' => '21'
    'PROCESSOR_REVISION' => '1001'
    'ProgramData' => 'C:\\ProgramData'
    'ProgramFiles' => 'C:\\Program Files (x86)'
    'ProgramFiles(x86)' => 'C:\\Program Files (x86)'
    'ProgramW6432' => 'C:\\Program Files'
    'PSModulePath' => 'C:\\Windows\\system32\\WindowsPowerShell\\v1.0\\Modules\\'
    'PUBLIC' => 'C:\\Users\\Public'
    'SESSIONNAME' => 'Console'
    'SystemDrive' => 'C:'
    'SystemRoot' => 'C:\\Windows'
    'TEMP' => 'C:\\Users\\admin\\AppData\\Local\\Temp'
    'TMP' => 'C:\\Users\\admin\\AppData\\Local\\Temp'
    'USERDOMAIN' => 'WHQ78164'
    'USERDOMAIN_ROAMINGPROFILE' => 'WHQ78164'
    'USERNAME' => 'admin'
    'USERPROFILE' => 'C:\\Users\\admin'
    'VBOX_MSI_INSTALL_PATH' => 'D:\\Program Files\\Oracle\\VirtualBox\\'
    'windir' => 'C:\\Windows'
    'HTTP_COOKIE' => 'edf6___session=eyJ1aWQiOiIxIiwibGFzdHZpc2l0IjoiMTQ0MzMzNTYxNiIsImxhc3RpcCI6IjEyNy4wLjAuMSIsImhhc2giOiI4MTViMTVlMzliZDVjNzc2YTAwZmUwMTJlZmYyZWNhYiJ9; _csrf=fc0c334a1c2ed20b061c52e90eddde75692ea9eadf4ad66d47968b886ec9f755a%3A2%3A%7Bi%3A0%3Bs%3A5%3A%22_csrf%22%3Bi%3A1%3Bs%3A32%3A%22BH4tCPP1_rKVsJv0r-xUHekKJ4kjlnXf%22%3B%7D; PHPSESSID=e3k294o53vmegplntqoojoob84; _identity=bae4b167cb35f424a25ea24150a886cc8cee95dadc0d36748f19fd29da3d7704a%3A2%3A%7Bi%3A0%3Bs%3A9%3A%22_identity%22%3Bi%3A1%3Bs%3A46%3A%22%5B1%2C%22GX9E-9nB99URIf127tcCneY-xUPfjOFI%22%2C2592000%5D%22%3B%7D'
    'HTTP_ACCEPT_LANGUAGE' => 'zh-CN,zh;q=0.8'
    'HTTP_ACCEPT_ENCODING' => 'gzip,deflate,sdch'
    'HTTP_USER_AGENT' => 'Mozilla/5.0 (Windows NT 6.3; WOW64) AppleWebKit/537.36 (KHTML, like Gecko) Chrome/38.0.2125.122 Safari/537.36'
    'HTTP_ACCEPT' => 'text/html,application/xhtml+xml,application/xml;q=0.9,image/webp,*/*;q=0.8'
    'HTTP_CACHE_CONTROL' => 'max-age=0'
    'HTTP_CONNECTION' => 'keep-alive'
    'HTTP_HOST' => 'localhost'
    'REDIRECT_STATUS' => '200'
    'SERVER_NAME' => 'localhost'
    'SERVER_PORT' => '80'
    'SERVER_ADDR' => '127.0.0.1'
    'REMOTE_PORT' => '65260'
    'REMOTE_ADDR' => '127.0.0.1'
    'SERVER_SOFTWARE' => 'nginx/1.6.2'
    'GATEWAY_INTERFACE' => 'CGI/1.1'
    'SERVER_PROTOCOL' => 'HTTP/1.1'
    'DOCUMENT_ROOT' => 'D:/Program Files/PHPStudy/WWW'
    'DOCUMENT_URI' => '/vcards/frontend/web/index.php'
    'REQUEST_URI' => '/vcards/frontend/web/index.php?r=schoolmate'
    'SCRIPT_NAME' => '/vcards/frontend/web/index.php'
    'CONTENT_LENGTH' => ''
    'CONTENT_TYPE' => ''
    'REQUEST_METHOD' => 'GET'
    'QUERY_STRING' => 'r=schoolmate'
    'PATH_TRANSLATED' => 'D:/Program Files/PHPStudy/WWW'
    'PATH_INFO' => ''
    'SCRIPT_FILENAME' => 'D:/Program Files/PHPStudy/WWW/vcards/frontend/web/index.php'
    'FCGI_ROLE' => 'RESPONDER'
    'PHP_SELF' => '/vcards/frontend/web/index.php'
    'REQUEST_TIME_FLOAT' => 1443860113.3637
    'REQUEST_TIME' => 1443860113
]
2015-10-03 16:15:17 [127.0.0.1][-][e3k294o53vmegplntqoojoob84][error][yii\base\InvalidConfigException] exception 'yii\base\InvalidConfigException' with message 'The table does not exist: {{%schoolmate}}' in D:\Program Files\PHPStudy\WWW\vcards\vendor\yiisoft\yii2\db\ActiveRecord.php:298
Stack trace:
#0 D:\Program Files\PHPStudy\WWW\vcards\vendor\yiisoft\yii2\db\ActiveRecord.php(327): yii\db\ActiveRecord::getTableSchema()
#1 D:\Program Files\PHPStudy\WWW\vcards\vendor\yiisoft\yii2\db\BaseActiveRecord.php(422): yii\db\ActiveRecord->attributes()
#2 D:\Program Files\PHPStudy\WWW\vcards\vendor\yiisoft\yii2\db\BaseActiveRecord.php(241): yii\db\BaseActiveRecord->hasAttribute('id')
#3 D:\Program Files\PHPStudy\WWW\vcards\vendor\yiisoft\yii2\validators\Validator.php(237): yii\db\BaseActiveRecord->__get('id')
#4 D:\Program Files\PHPStudy\WWW\vcards\vendor\yiisoft\yii2\base\Model.php(352): yii\validators\Validator->validateAttributes(Object(frontend\models\SchoolmateSearch), Array)
#5 D:\Program Files\PHPStudy\WWW\vcards\frontend\models\SchoolmateSearch.php(52): yii\base\Model->validate()
#6 D:\Program Files\PHPStudy\WWW\vcards\frontend\controllers\SchoolmateController.php(51): frontend\models\SchoolmateSearch->search(Array)
#7 [internal function]: frontend\controllers\SchoolmateController->actionIndex()
#8 D:\Program Files\PHPStudy\WWW\vcards\vendor\yiisoft\yii2\base\InlineAction.php(55): call_user_func_array(Array, Array)
#9 D:\Program Files\PHPStudy\WWW\vcards\vendor\yiisoft\yii2\base\Controller.php(151): yii\base\InlineAction->runWithParams(Array)
#10 D:\Program Files\PHPStudy\WWW\vcards\vendor\yiisoft\yii2\base\Module.php(455): yii\base\Controller->runAction('', Array)
#11 D:\Program Files\PHPStudy\WWW\vcards\vendor\yiisoft\yii2\web\Application.php(84): yii\base\Module->runAction('schoolmate', Array)
#12 D:\Program Files\PHPStudy\WWW\vcards\vendor\yiisoft\yii2\base\Application.php(375): yii\web\Application->handleRequest(Object(yii\web\Request))
#13 D:\Program Files\PHPStudy\WWW\vcards\frontend\web\index.php(23): yii\base\Application->run()
#14 {main}
2015-10-03 16:15:16 [127.0.0.1][-][e3k294o53vmegplntqoojoob84][info][application] $_GET = [
    'r' => 'schoolmate'
]

$_COOKIE = [
    'edf6___session' => 'eyJ1aWQiOiIxIiwibGFzdHZpc2l0IjoiMTQ0MzMzNTYxNiIsImxhc3RpcCI6IjEyNy4wLjAuMSIsImhhc2giOiI4MTViMTVlMzliZDVjNzc2YTAwZmUwMTJlZmYyZWNhYiJ9'
    '_csrf' => 'fc0c334a1c2ed20b061c52e90eddde75692ea9eadf4ad66d47968b886ec9f755a:2:{i:0;s:5:\"_csrf\";i:1;s:32:\"BH4tCPP1_rKVsJv0r-xUHekKJ4kjlnXf\";}'
    'PHPSESSID' => 'e3k294o53vmegplntqoojoob84'
    '_identity' => 'bae4b167cb35f424a25ea24150a886cc8cee95dadc0d36748f19fd29da3d7704a:2:{i:0;s:9:\"_identity\";i:1;s:46:\"[1,\"GX9E-9nB99URIf127tcCneY-xUPfjOFI\",2592000]\";}'
]

$_SESSION = [
    '__flash' => []
    '__captcha/site/captcha' => 'davika'
    '__captcha/site/captchacount' => 1
    '__id' => 1
]

$_SERVER = [
    'ALLUSERSPROFILE' => 'C:\\ProgramData'
    'APPDATA' => 'C:\\Users\\admin\\AppData\\Roaming'
    'CommonProgramFiles' => 'C:\\Program Files (x86)\\Common Files'
    'CommonProgramFiles(x86)' => 'C:\\Program Files (x86)\\Common Files'
    'CommonProgramW6432' => 'C:\\Program Files\\Common Files'
    'COMPUTERNAME' => 'WHQ78164'
    'ComSpec' => 'C:\\Windows\\system32\\cmd.exe'
    'FP_NO_HOST_CHECK' => 'NO'
    'HOMEDRIVE' => 'C:'
    'HOMEPATH' => '\\Users\\admin'
    'LOCALAPPDATA' => 'C:\\Users\\admin\\AppData\\Local'
    'LOGONSERVER' => '\\\\WHQ78164'
    'NUMBER_OF_PROCESSORS' => '2'
    'OS' => 'Windows_NT'
    'Path' => 'C:\\Windows\\system32;C:\\Windows;C:\\Windows\\System32\\Wbem;C:\\Windows\\System32\\WindowsPowerShell\\v1.0\\;C:\\Program Files (x86)\\ATI Technologies\\ATI.ACE\\Core-Static;D:\\Program Files\\PHPStudy\\php55n;C:\\ProgramData\\ComposerSetup\\bin;D:\\Program Files\\Composer'
    'PATHEXT' => '.COM;.EXE;.BAT;.CMD;.VBS;.VBE;.JS;.JSE;.WSF;.WSH;.MSC'
    'PROCESSOR_ARCHITECTURE' => 'x86'
    'PROCESSOR_ARCHITEW6432' => 'AMD64'
    'PROCESSOR_IDENTIFIER' => 'AMD64 Family 21 Model 16 Stepping 1, AuthenticAMD'
    'PROCESSOR_LEVEL' => '21'
    'PROCESSOR_REVISION' => '1001'
    'ProgramData' => 'C:\\ProgramData'
    'ProgramFiles' => 'C:\\Program Files (x86)'
    'ProgramFiles(x86)' => 'C:\\Program Files (x86)'
    'ProgramW6432' => 'C:\\Program Files'
    'PSModulePath' => 'C:\\Windows\\system32\\WindowsPowerShell\\v1.0\\Modules\\'
    'PUBLIC' => 'C:\\Users\\Public'
    'SESSIONNAME' => 'Console'
    'SystemDrive' => 'C:'
    'SystemRoot' => 'C:\\Windows'
    'TEMP' => 'C:\\Users\\admin\\AppData\\Local\\Temp'
    'TMP' => 'C:\\Users\\admin\\AppData\\Local\\Temp'
    'USERDOMAIN' => 'WHQ78164'
    'USERDOMAIN_ROAMINGPROFILE' => 'WHQ78164'
    'USERNAME' => 'admin'
    'USERPROFILE' => 'C:\\Users\\admin'
    'VBOX_MSI_INSTALL_PATH' => 'D:\\Program Files\\Oracle\\VirtualBox\\'
    'windir' => 'C:\\Windows'
    'HTTP_COOKIE' => 'edf6___session=eyJ1aWQiOiIxIiwibGFzdHZpc2l0IjoiMTQ0MzMzNTYxNiIsImxhc3RpcCI6IjEyNy4wLjAuMSIsImhhc2giOiI4MTViMTVlMzliZDVjNzc2YTAwZmUwMTJlZmYyZWNhYiJ9; _csrf=fc0c334a1c2ed20b061c52e90eddde75692ea9eadf4ad66d47968b886ec9f755a%3A2%3A%7Bi%3A0%3Bs%3A5%3A%22_csrf%22%3Bi%3A1%3Bs%3A32%3A%22BH4tCPP1_rKVsJv0r-xUHekKJ4kjlnXf%22%3B%7D; PHPSESSID=e3k294o53vmegplntqoojoob84; _identity=bae4b167cb35f424a25ea24150a886cc8cee95dadc0d36748f19fd29da3d7704a%3A2%3A%7Bi%3A0%3Bs%3A9%3A%22_identity%22%3Bi%3A1%3Bs%3A46%3A%22%5B1%2C%22GX9E-9nB99URIf127tcCneY-xUPfjOFI%22%2C2592000%5D%22%3B%7D'
    'HTTP_ACCEPT_LANGUAGE' => 'zh-CN,zh;q=0.8'
    'HTTP_ACCEPT_ENCODING' => 'gzip,deflate,sdch'
    'HTTP_USER_AGENT' => 'Mozilla/5.0 (Windows NT 6.3; WOW64) AppleWebKit/537.36 (KHTML, like Gecko) Chrome/38.0.2125.122 Safari/537.36'
    'HTTP_ACCEPT' => 'text/html,application/xhtml+xml,application/xml;q=0.9,image/webp,*/*;q=0.8'
    'HTTP_CACHE_CONTROL' => 'max-age=0'
    'HTTP_CONNECTION' => 'keep-alive'
    'HTTP_HOST' => 'localhost'
    'REDIRECT_STATUS' => '200'
    'SERVER_NAME' => 'localhost'
    'SERVER_PORT' => '80'
    'SERVER_ADDR' => '127.0.0.1'
    'REMOTE_PORT' => '65260'
    'REMOTE_ADDR' => '127.0.0.1'
    'SERVER_SOFTWARE' => 'nginx/1.6.2'
    'GATEWAY_INTERFACE' => 'CGI/1.1'
    'SERVER_PROTOCOL' => 'HTTP/1.1'
    'DOCUMENT_ROOT' => 'D:/Program Files/PHPStudy/WWW'
    'DOCUMENT_URI' => '/vcards/frontend/web/index.php'
    'REQUEST_URI' => '/vcards/frontend/web/index.php?r=schoolmate'
    'SCRIPT_NAME' => '/vcards/frontend/web/index.php'
    'CONTENT_LENGTH' => ''
    'CONTENT_TYPE' => ''
    'REQUEST_METHOD' => 'GET'
    'QUERY_STRING' => 'r=schoolmate'
    'PATH_TRANSLATED' => 'D:/Program Files/PHPStudy/WWW'
    'PATH_INFO' => ''
    'SCRIPT_FILENAME' => 'D:/Program Files/PHPStudy/WWW/vcards/frontend/web/index.php'
    'FCGI_ROLE' => 'RESPONDER'
    'PHP_SELF' => '/vcards/frontend/web/index.php'
    'REQUEST_TIME_FLOAT' => 1443860116.852
    'REQUEST_TIME' => 1443860116
]
